[0.040s] Invoking command in '/home/zyb/æ¡Œé¢/æ–°å»ºæ–‡ä»¶å¤¹/teamX_challenge/build/my_package': CMAKE_PREFIX_PATH=/opt/ros/humble /usr/bin/cmake --build /home/zyb/æ¡Œé¢/æ–°å»ºæ–‡ä»¶å¤¹/teamX_challenge/build/my_package -- -j4 -l4
[0.411s] [ 25%] [32mBuilding CXX object CMakeFiles/shooter_node.dir/src/shooter_node.cpp.o[0m
[24.334s] [ 50%] [32m[1mLinking CXX executable shooter_node[0m
[25.456s] [ 50%] Built target shooter_node
[25.507s] [35m[1mConsolidate compiler generated dependencies of target vision_node[0m
[25.575s] [ 75%] [32mBuilding CXX object CMakeFiles/vision_node.dir/src/vision_node.cpp.o[0m
[26.476s] [01m[K/home/zyb/æ¡Œé¢/æ–°å»ºæ–‡ä»¶å¤¹/teamX_challenge/src/my_package/src/vision_node.cpp:12:10:[m[K [01;31m[Kfatal error: [m[Kreferee_pkg/msg/multi_object.hpp: æ²¡æœ‰é‚£ä¸ªæ–‡ä»¶æˆ–ç›®å½•
[26.476s]    12 | #include [01;31m[K"referee_pkg/msg/multi_object.hpp"[m[K
[26.476s]       |          [01;31m[K^~~~~~~~~~~~~~~~~~~~~~~~~~~~~~~~~~[m[K
[26.476s] compilation terminated.
[26.490s] gmake[2]: *** [CMakeFiles/vision_node.dir/build.make:76ï¼šCMakeFiles/vision_node.dir/src/vision_node.cpp.o] é”™è¯¯ 1
[26.490s] gmake[1]: *** [CMakeFiles/Makefile2:165ï¼šCMakeFiles/vision_node.dir/all] é”™è¯¯ 2
[26.491s] gmake: *** [Makefile:146ï¼šall] é”™è¯¯ 2
[26.497s] Invoked command in '/home/zyb/æ¡Œé¢/æ–°å»ºæ–‡ä»¶å¤¹/teamX_challenge/build/my_package' returned '2': CMAKE_PREFIX_PATH=/opt/ros/humble /usr/bin/cmake --build /home/zyb/æ¡Œé¢/æ–°å»ºæ–‡ä»¶å¤¹/teamX_challenge/build/my_package -- -j4 -l4
